<?xml version="1.0" encoding="UTF-8"?>
<!-- Generated by org.testng.reporters.JUnitReportReporter -->
<testsuite skipped="0" hostname="Admin-PC" name="by.htp.googletest.AppTest" tests="1" failures="0" timestamp="26 июн 2017 12:55:59 GMT" time="124.224" errors="0">
  <testcase name="quizfulAllDataTest" time="124.224" classname="by.htp.googletest.AppTest"/>
</testsuite> <!-- by.htp.googletest.AppTest -->
