<?xml version="1.0" encoding="UTF-8"?>
<!-- Generated by org.testng.reporters.JUnitReportReporter -->
<testsuite skipped="0" hostname="Admin-PC" name="by.htp.googletest.AppTest" tests="1" failures="0" timestamp="21 июн 2017 15:02:41 GMT" time="39.774" errors="0">
  <testcase name="itAcademynNewTest" time="39.774" classname="by.htp.googletest.AppTest"/>
</testsuite> <!-- by.htp.googletest.AppTest -->
